<?xml version="1.0" encoding="UTF-8"?>
<testsuite xmlns:xsi="http://www.w3.org/2001/XMLSchema-instance" xsi:noNamespaceSchemaLocation="https://maven.apache.org/surefire/maven-surefire-plugin/xsd/surefire-test-report-3.0.xsd" version="3.0" name="BankAccountTest" time="0.229" tests="22" errors="0" skipped="0" failures="0">
  <properties>
[...]
</properties>
  <testcase name="testWithdrawalExactBalance" classname="BankAccountTest" time="0.084"/>
  <testcase name="testTransactionHistoryInitial" classname="BankAccountTest" time="0.002"/>
  <testcase name="testAccountCreation" classname="BankAccountTest" time="0.002"/>
  <testcase name="testWithdrawalInsufficientFunds" classname="BankAccountTest" time="0.005"/>
  <testcase name="testWithdrawalZeroAmount" classname="BankAccountTest" time="0.004"/>
  <testcase name="testTransactionHistoryImmutability" classname="BankAccountTest" time="0.001"/>
  <testcase name="testDepositZeroAmount" classname="BankAccountTest" time="0.002"/>
  <testcase name="testTransactionHistoryMultipleOperations" classname="BankAccountTest" time="0.002"/>
  <testcase name="testTransactionTimestamps" classname="BankAccountTest" time="0.023"/>
  <testcase name="testDepositNegativeAmount" classname="BankAccountTest" time="0.003"/>
  <testcase name="testWithdrawalNegativeAmount" classname="BankAccountTest" time="0.002"/>
  <testcase name="testZeroBalanceAccount" classname="BankAccountTest" time="0.001"/>
  <testcase name="testMultipleWithdrawals" classname="BankAccountTest" time="0.001"/>
  <testcase name="testAccountCreationWithZeroBalance" classname="BankAccountTest" time="0.002"/>
  <testcase name="testConcurrentDeposits" classname="BankAccountTest" time="0.008"/>
  <testcase name="testDeposit" classname="BankAccountTest" time="0.002"/>
  <testcase name="testMultipleDeposits" classname="BankAccountTest" time="0"/>
  <testcase name="testTransactionHistoryAfterDeposit" classname="BankAccountTest" time="0.001"/>
  <testcase name="testTransactionHistoryAfterWithdrawal" classname="BankAccountTest" time="0.001"/>
  <testcase name="testBalanceInquiry" classname="BankAccountTest" time="0.001"/>
  <testcase name="testAccountCreationWithNegativeBalance" classname="BankAccountTest" time="0.003"/>
  <testcase name="testWithdrawal" classname="BankAccountTest" time="0.001"/>
</testsuite>